[01m[K/home/ymzz-tec/code/ros2_serial_control/src/turbojet_control/src/serial_comm.cpp:[m[K In constructor â€˜[01m[Kturbojet_control::SerialComm::SerialComm(const rclcpp::NodeOptions&)[m[Kâ€™:
[01m[K/home/ymzz-tec/code/ros2_serial_control/src/turbojet_control/src/serial_comm.cpp:21:33:[m[K [01;31m[Kerror: [m[Kclass â€˜[01m[Kturbojet_control::SerialComm[m[Kâ€™ does not have any field named â€˜[01m[Kio_context_[m[Kâ€™
   21 | : Node("serial_comm", options), [01;31m[Kio_context_[m[K(std::make_shared<drivers::common::IoContext>(2)), serial_port_(nullptr)
      |                                 [01;31m[K^~~~~~~~~~~[m[K
[01m[K/home/ymzz-tec/code/ros2_serial_control/src/turbojet_control/src/serial_comm.cpp:[m[K In member function â€˜[01m[Kbool turbojet_control::SerialComm::open_serial_port()[m[Kâ€™:
[01m[K/home/ymzz-tec/code/ros2_serial_control/src/turbojet_control/src/serial_comm.cpp:136:8:[m[K [01;31m[Kerror: [m[Kâ€˜[01m[Kio_context_[m[Kâ€™ was not declared in this scope; did you mean â€˜[01m[KIoContext[m[Kâ€™?
  136 |       *[01;31m[Kio_context_[m[K,
      |        [01;31m[K^~~~~~~~~~~[m[K
      |        [32m[KIoContext[m[K
gmake[2]: *** [CMakeFiles/serial_comm.dir/build.make:76ï¼šCMakeFiles/serial_comm.dir/src/serial_comm.cpp.o] é”™è¯¯ 1
gmake[1]: *** [CMakeFiles/Makefile2:165ï¼šCMakeFiles/serial_comm.dir/all] é”™è¯¯ 2
gmake: *** [Makefile:146ï¼šall] é”™è¯¯ 2
