[0.006s] Invoking command in '/home/ymzz-tec/code/ros2_serial_control/build/turbojet_control': CMAKE_PREFIX_PATH=/opt/ros/humble /usr/bin/cmake --build /home/ymzz-tec/code/ros2_serial_control/build/turbojet_control -- -j10 -l10
[0.021s] -- Found ament_cmake: 1.3.12 (/opt/ros/humble/share/ament_cmake/cmake)
[0.084s] -- Found rclcpp: 16.0.15 (/opt/ros/humble/share/rclcpp/cmake)
[0.097s] -- Found rosidl_generator_c: 3.1.7 (/opt/ros/humble/share/rosidl_generator_c/cmake)
[0.098s] -- Found rosidl_adapter: 3.1.7 (/opt/ros/humble/share/rosidl_adapter/cmake)
[0.101s] -- Found rosidl_generator_cpp: 3.1.7 (/opt/ros/humble/share/rosidl_generator_cpp/cmake)
[0.105s] -- Using all available rosidl_typesupport_c: rosidl_typesupport_fastrtps_c;rosidl_typesupport_introspection_c
[0.110s] -- Using all available rosidl_typesupport_cpp: rosidl_typesupport_fastrtps_cpp;rosidl_typesupport_introspection_cpp
[0.124s] -- Found rmw_implementation_cmake: 6.1.2 (/opt/ros/humble/share/rmw_implementation_cmake/cmake)
[0.125s] -- Found rmw_fastrtps_cpp: 6.2.9 (/opt/ros/humble/share/rmw_fastrtps_cpp/cmake)
[0.178s] -- Using RMW implementation 'rmw_fastrtps_cpp' as default
[0.199s] -- Found serial_driver: 1.2.0 (/opt/ros/humble/share/serial_driver/cmake)
[0.207s] -- Found asio_cmake_module: 1.2.0 (/opt/ros/humble/share/asio_cmake_module/cmake)
[0.226s] -- Found ament_lint_auto: 0.12.14 (/opt/ros/humble/share/ament_lint_auto/cmake)
[0.262s] -- Added test 'copyright' to check source files copyright and LICENSE
[0.263s] -- Added test 'cppcheck' to perform static code analysis on C / C++ code
[0.263s] -- Configured cppcheck include dirs: /home/ymzz-tec/code/ros2_serial_control/src/turbojet_control/include
[0.263s] -- Configured cppcheck exclude dirs and/or files: 
[0.263s] -- Added test 'cpplint' to check C / C++ code against the Google style
[0.263s] -- Configured cpplint exclude dirs and/or files: 
[0.263s] -- Added test 'flake8' to check Python code syntax and style conventions
[0.263s] -- Added test 'lint_cmake' to check CMake code style
[0.263s] -- Added test 'pep257' to check Python code against some of the docstring style conventions in PEP 257
[0.264s] -- Added test 'uncrustify' to check C / C++ code style
[0.264s] -- Configured uncrustify additional arguments: 
[0.264s] -- Added test 'xmllint' to check XML markup files
[0.264s] -- Configuring done
[0.273s] -- Generating done
[0.275s] -- Build files have been written to: /home/ymzz-tec/code/ros2_serial_control/build/turbojet_control
[0.294s] [35m[1mConsolidate compiler generated dependencies of target signal_generator[0m
[0.295s] [35m[1mConsolidate compiler generated dependencies of target serial_comm[0m
[0.306s] [ 50%] Built target signal_generator
[0.306s] [ 75%] [32mBuilding CXX object CMakeFiles/serial_comm.dir/src/serial_comm.cpp.o[0m
[1.645s] [01m[K/home/ymzz-tec/code/ros2_serial_control/src/turbojet_control/src/serial_comm.cpp:[m[K In constructor â€˜[01m[Kturbojet_control::SerialComm::SerialComm(const rclcpp::NodeOptions&)[m[Kâ€™:
[1.645s] [01m[K/home/ymzz-tec/code/ros2_serial_control/src/turbojet_control/src/serial_comm.cpp:21:33:[m[K [01;31m[Kerror: [m[Kclass â€˜[01m[Kturbojet_control::SerialComm[m[Kâ€™ does not have any field named â€˜[01m[Kio_context_[m[Kâ€™
[1.645s]    21 | : Node("serial_comm", options), [01;31m[Kio_context_[m[K(std::make_shared<drivers::common::IoContext>(2)), serial_port_(nullptr)
[1.645s]       |                                 [01;31m[K^~~~~~~~~~~[m[K
[1.659s] [01m[K/home/ymzz-tec/code/ros2_serial_control/src/turbojet_control/src/serial_comm.cpp:[m[K In member function â€˜[01m[Kbool turbojet_control::SerialComm::open_serial_port()[m[Kâ€™:
[1.659s] [01m[K/home/ymzz-tec/code/ros2_serial_control/src/turbojet_control/src/serial_comm.cpp:136:8:[m[K [01;31m[Kerror: [m[Kâ€˜[01m[Kio_context_[m[Kâ€™ was not declared in this scope; did you mean â€˜[01m[KIoContext[m[Kâ€™?
[1.659s]   136 |       *[01;31m[Kio_context_[m[K,
[1.659s]       |        [01;31m[K^~~~~~~~~~~[m[K
[1.659s]       |        [32m[KIoContext[m[K
[2.858s] gmake[2]: *** [CMakeFiles/serial_comm.dir/build.make:76ï¼šCMakeFiles/serial_comm.dir/src/serial_comm.cpp.o] é”™è¯¯ 1
[2.858s] gmake[1]: *** [CMakeFiles/Makefile2:165ï¼šCMakeFiles/serial_comm.dir/all] é”™è¯¯ 2
[2.858s] gmake: *** [Makefile:146ï¼šall] é”™è¯¯ 2
[2.860s] Invoked command in '/home/ymzz-tec/code/ros2_serial_control/build/turbojet_control' returned '2': CMAKE_PREFIX_PATH=/opt/ros/humble /usr/bin/cmake --build /home/ymzz-tec/code/ros2_serial_control/build/turbojet_control -- -j10 -l10
