[0.007s] Invoking command in '/home/ymzz-tec/code/ros2_serial_control/build/turbojet_control': CMAKE_PREFIX_PATH=/opt/ros/humble /usr/bin/cmake /home/ymzz-tec/code/ros2_serial_control/src/turbojet_control -DCMAKE_INSTALL_PREFIX=/home/ymzz-tec/code/ros2_serial_control/install/turbojet_control
[0.041s] -- The C compiler identification is GNU 11.4.0
[0.070s] -- The CXX compiler identification is GNU 11.4.0
[0.075s] -- Detecting C compiler ABI info
[0.113s] -- Detecting C compiler ABI info - done
[0.118s] -- Check for working C compiler: /usr/bin/cc - skipped
[0.118s] -- Detecting C compile features
[0.118s] -- Detecting C compile features - done
[0.120s] -- Detecting CXX compiler ABI info
[0.165s] -- Detecting CXX compiler ABI info - done
[0.168s] -- Check for working CXX compiler: /usr/bin/c++ - skipped
[0.168s] -- Detecting CXX compile features
[0.168s] -- Detecting CXX compile features - done
[0.171s] -- Found ament_cmake: 1.3.12 (/opt/ros/humble/share/ament_cmake/cmake)
[0.251s] -- Found Python3: /usr/bin/python3 (found version "3.10.12") found components: Interpreter 
[0.293s] -- Found rclcpp: 16.0.15 (/opt/ros/humble/share/rclcpp/cmake)
[0.312s] -- Found rosidl_generator_c: 3.1.7 (/opt/ros/humble/share/rosidl_generator_c/cmake)
[0.314s] -- Found rosidl_adapter: 3.1.7 (/opt/ros/humble/share/rosidl_adapter/cmake)
[0.318s] -- Found rosidl_generator_cpp: 3.1.7 (/opt/ros/humble/share/rosidl_generator_cpp/cmake)
[0.322s] -- Using all available rosidl_typesupport_c: rosidl_typesupport_fastrtps_c;rosidl_typesupport_introspection_c
[0.328s] -- Using all available rosidl_typesupport_cpp: rosidl_typesupport_fastrtps_cpp;rosidl_typesupport_introspection_cpp
[0.347s] -- Found rmw_implementation_cmake: 6.1.2 (/opt/ros/humble/share/rmw_implementation_cmake/cmake)
[0.348s] -- Found rmw_fastrtps_cpp: 6.2.9 (/opt/ros/humble/share/rmw_fastrtps_cpp/cmake)
[0.397s] -- Found OpenSSL: /usr/lib/x86_64-linux-gnu/libcrypto.so (found version "3.0.2")  
[0.409s] -- Found FastRTPS: /opt/ros/humble/include  
[0.429s] -- Using RMW implementation 'rmw_fastrtps_cpp' as default
[0.433s] -- Looking for pthread.h
[0.475s] -- Looking for pthread.h - found
[0.475s] -- Performing Test CMAKE_HAVE_LIBC_PTHREAD
[0.515s] -- Performing Test CMAKE_HAVE_LIBC_PTHREAD - Success
[0.515s] -- Found Threads: TRUE  
[0.538s] -- Found serial_driver: 1.2.0 (/opt/ros/humble/share/serial_driver/cmake)
[0.546s] -- Found asio_cmake_module: 1.2.0 (/opt/ros/humble/share/asio_cmake_module/cmake)
[0.547s] -- Found ASIO: /usr/include  
[0.571s] -- Found ament_lint_auto: 0.12.14 (/opt/ros/humble/share/ament_lint_auto/cmake)
[0.608s] -- Added test 'copyright' to check source files copyright and LICENSE
[0.608s] -- Added test 'cppcheck' to perform static code analysis on C / C++ code
[0.608s] -- Configured cppcheck include dirs: /home/ymzz-tec/code/ros2_serial_control/src/turbojet_control/include
[0.608s] -- Configured cppcheck exclude dirs and/or files: 
[0.609s] -- Added test 'cpplint' to check C / C++ code against the Google style
[0.609s] -- Configured cpplint exclude dirs and/or files: 
[0.609s] -- Added test 'flake8' to check Python code syntax and style conventions
[0.609s] -- Added test 'lint_cmake' to check CMake code style
[0.609s] -- Added test 'pep257' to check Python code against some of the docstring style conventions in PEP 257
[0.610s] -- Added test 'uncrustify' to check C / C++ code style
[0.610s] -- Configured uncrustify additional arguments: 
[0.610s] -- Added test 'xmllint' to check XML markup files
[0.610s] -- Configuring done
[0.622s] -- Generating done
[0.625s] -- Build files have been written to: /home/ymzz-tec/code/ros2_serial_control/build/turbojet_control
[0.633s] Invoked command in '/home/ymzz-tec/code/ros2_serial_control/build/turbojet_control' returned '0': CMAKE_PREFIX_PATH=/opt/ros/humble /usr/bin/cmake /home/ymzz-tec/code/ros2_serial_control/src/turbojet_control -DCMAKE_INSTALL_PREFIX=/home/ymzz-tec/code/ros2_serial_control/install/turbojet_control
[0.635s] Invoking command in '/home/ymzz-tec/code/ros2_serial_control/build/turbojet_control': CMAKE_PREFIX_PATH=/opt/ros/humble /usr/bin/cmake --build /home/ymzz-tec/code/ros2_serial_control/build/turbojet_control -- -j10 -l10
[0.668s] [ 25%] [32mBuilding CXX object CMakeFiles/signal_generator.dir/src/signal_generator.cpp.o[0m
[0.675s] [ 50%] [32mBuilding CXX object CMakeFiles/serial_comm.dir/src/serial_comm.cpp.o[0m
[1.746s] [01m[K/home/ymzz-tec/code/ros2_serial_control/src/turbojet_control/src/signal_generator.cpp:[m[K In member function â€˜[01m[Kuint16_t turbojet_control::SignalGenerator::horizontal_transition(double, double)[m[Kâ€™:
[1.746s] [01m[K/home/ymzz-tec/code/ros2_serial_control/src/turbojet_control/src/signal_generator.cpp:163:56:[m[K [01;35m[Kwarning: [m[Kunused parameter â€˜[01m[Kt[m[Kâ€™ [[01;35m[K]8;;https://gcc.gnu.org/onlinedocs/gcc/Warning-Options.html#index-Wunused-parameter-Wunused-parameter]8;;[m[K]
[1.746s]   163 | uint16_t SignalGenerator::horizontal_transition([01;35m[Kdouble t[m[K, double time_offset)
[1.746s]       |                                                 [01;35m[K~~~~~~~^[m[K
[1.746s] [01m[K/home/ymzz-tec/code/ros2_serial_control/src/turbojet_control/src/signal_generator.cpp:163:66:[m[K [01;35m[Kwarning: [m[Kunused parameter â€˜[01m[Ktime_offset[m[Kâ€™ [[01;35m[K]8;;https://gcc.gnu.org/onlinedocs/gcc/Warning-Options.html#index-Wunused-parameter-Wunused-parameter]8;;[m[K]
[1.746s]   163 | 6_t SignalGenerator::horizontal_transition(double t, [01;35m[Kdouble time_offset[m[K)
[1.746s]       |                                                      [01;35m[K~~~~~~~^~~~~~~~~~~[m[K
[1.746s] 
[2.066s] [01m[K/home/ymzz-tec/code/ros2_serial_control/src/turbojet_control/src/serial_comm.cpp:[m[K In constructor â€˜[01m[Kturbojet_control::SerialComm::SerialComm(const rclcpp::NodeOptions&)[m[Kâ€™:
[2.067s] [01m[K/home/ymzz-tec/code/ros2_serial_control/src/turbojet_control/src/serial_comm.cpp:21:33:[m[K [01;31m[Kerror: [m[Kclass â€˜[01m[Kturbojet_control::SerialComm[m[Kâ€™ does not have any field named â€˜[01m[Kio_context_[m[Kâ€™
[2.067s]    21 | : Node("serial_comm", options), [01;31m[Kio_context_[m[K(std::make_shared<drivers::common::IoContext>(2)), serial_port_(nullptr)
[2.067s]       |                                 [01;31m[K^~~~~~~~~~~[m[K
[2.082s] [01m[K/home/ymzz-tec/code/ros2_serial_control/src/turbojet_control/src/serial_comm.cpp:[m[K In member function â€˜[01m[Kbool turbojet_control::SerialComm::open_serial_port()[m[Kâ€™:
[2.082s] [01m[K/home/ymzz-tec/code/ros2_serial_control/src/turbojet_control/src/serial_comm.cpp:136:8:[m[K [01;31m[Kerror: [m[Kâ€˜[01m[Kio_context_[m[Kâ€™ was not declared in this scope; did you mean â€˜[01m[KIoContext[m[Kâ€™?
[2.082s]   136 |       *[01;31m[Kio_context_[m[K,
[2.082s]       |        [01;31m[K^~~~~~~~~~~[m[K
[2.082s]       |        [32m[KIoContext[m[K
[2.723s] [ 75%] [32m[1mLinking CXX executable signal_generator[0m
[2.825s] [ 75%] Built target signal_generator
[3.311s] gmake[2]: *** [CMakeFiles/serial_comm.dir/build.make:76ï¼šCMakeFiles/serial_comm.dir/src/serial_comm.cpp.o] é”™è¯¯ 1
[3.311s] gmake[1]: *** [CMakeFiles/Makefile2:165ï¼šCMakeFiles/serial_comm.dir/all] é”™è¯¯ 2
[3.311s] gmake: *** [Makefile:146ï¼šall] é”™è¯¯ 2
[3.314s] Invoked command in '/home/ymzz-tec/code/ros2_serial_control/build/turbojet_control' returned '2': CMAKE_PREFIX_PATH=/opt/ros/humble /usr/bin/cmake --build /home/ymzz-tec/code/ros2_serial_control/build/turbojet_control -- -j10 -l10
